[0m2021.04.18 10:15:48 INFO  Started: Metals version 0.10.1 in workspace '/home/zhangyanqi/Research/Projects/openwhisk_archive/openwhisk-mem-compare' for client vscode 1.55.2.[0m
[0m2021.04.18 10:15:50 INFO  time: initialize in 2.17s[0m
[0m2021.04.18 10:15:50 WARN  Build server is not auto-connectable.[0m
[0m2021.04.18 10:15:50 WARN  no build target for: /home/zhangyanqi/Research/Projects/openwhisk_archive/openwhisk-mem-compare/core/invoker/src/main/scala/org/apache/openwhisk/core/invoker/InvokerReactive.scala[0m
[0m2021.04.18 10:15:55 INFO  no build target: using presentation compiler with only scala-library: 2.12.13[0m
[0m2021.04.18 10:15:58 INFO  time: code lens generation in 7.24s[0m
[0m2021.04.18 10:16:03 WARN  no build target for: /home/zhangyanqi/Research/Projects/openwhisk_archive/openwhisk-mem-compare/core/invoker/src/main/scala/org/apache/openwhisk/core/containerpool/ContainerPool.scala[0m
[0m2021.04.18 10:16:05 INFO  time: code lens generation in 1.61s[0m
Apr 18, 2021 11:19:28 AM scala.meta.internal.pc.CompilerAccess retryWithCleanCompiler
INFO: compiler crashed due to an error in the Scala compiler, retrying with new compiler instance.
Apr 18, 2021 11:19:29 AM scala.meta.internal.pc.CompilerAccess handleError
SEVERE: no context found for source-file:///home/zhangyanqi/Research/Projects/openwhisk_archive/openwhisk-mem-compare/core/invoker/src/main/scala/org/apache/openwhisk/core/containerpool/ContainerPool.scala,line-5,offset=222
scala.reflect.internal.FatalError: no context found for source-file:///home/zhangyanqi/Research/Projects/openwhisk_archive/openwhisk-mem-compare/core/invoker/src/main/scala/org/apache/openwhisk/core/containerpool/ContainerPool.scala,line-5,offset=222
	at scala.tools.nsc.interactive.CompilerControl.$anonfun$doLocateContext$1(CompilerControl.scala:100)
	at scala.tools.nsc.interactive.CompilerControl.doLocateContext(CompilerControl.scala:100)
	at scala.tools.nsc.interactive.CompilerControl.doLocateContext$(CompilerControl.scala:99)
	at scala.tools.nsc.interactive.Global.doLocateContext(Global.scala:113)
	at scala.meta.internal.pc.PcDefinitionProvider.definitionTypedTreeAt(PcDefinitionProvider.scala:102)
	at scala.meta.internal.pc.PcDefinitionProvider.definition(PcDefinitionProvider.scala:24)

[0m2021.04.18 11:27:44 INFO  shutting down Metals[0m
[0m2021.04.18 12:28:21 INFO  Started: Metals version 0.10.1 in workspace '/home/zhangyanqi/Research/Projects/openwhisk_archive/openwhisk-mem-compare' for client vscode 1.55.2.[0m
[0m2021.04.18 12:28:24 INFO  time: initialize in 3.14s[0m
[0m2021.04.18 12:28:24 WARN  Build server is not auto-connectable.[0m
[0m2021.04.18 12:28:24 WARN  no build target for: /home/zhangyanqi/Research/Projects/openwhisk_archive/openwhisk-mem-compare/core/invoker/src/main/scala/org/apache/openwhisk/core/containerpool/ContainerPool.scala[0m
[0m2021.04.18 12:28:25 INFO  skipping build import with status 'Requested'[0m
[0m2021.04.18 12:28:30 INFO  no build target: using presentation compiler with only scala-library: 2.12.13[0m
[0m2021.04.18 12:28:36 INFO  time: code lens generation in 9.29s[0m
[0m2021.04.18 15:03:23 INFO  shutting down Metals[0m
[0m2021.04.18 18:31:07 INFO  Started: Metals version 0.10.1 in workspace '/home/zhangyanqi/Research/Projects/openwhisk_archive/openwhisk-mem-compare' for client vscode 1.55.2.[0m
[0m2021.04.18 18:31:10 INFO  time: initialize in 3s[0m
[0m2021.04.18 18:31:10 WARN  Build server is not auto-connectable.[0m
[0m2021.04.18 18:31:10 WARN  no build target for: /home/zhangyanqi/Research/Projects/openwhisk_archive/openwhisk-mem-compare/core/invoker/src/main/scala/org/apache/openwhisk/core/containerpool/ContainerPool.scala[0m
[0m2021.04.18 18:31:11 INFO  skipping build import with status 'Requested'[0m
[0m2021.04.18 18:31:15 INFO  no build target: using presentation compiler with only scala-library: 2.12.13[0m
[0m2021.04.18 18:31:19 INFO  time: code lens generation in 7.84s[0m
[0m2021.04.18 20:10:13 INFO  shutting down Metals[0m
[0m2021.04.19 22:00:05 INFO  Started: Metals version 0.10.1 in workspace '/home/zhangyanqi/Research/Projects/openwhisk_archive/openwhisk-mem-compare' for client vscode 1.55.2.[0m
[0m2021.04.19 22:00:08 INFO  time: initialize in 3.19s[0m
[0m2021.04.19 22:00:09 WARN  Build server is not auto-connectable.[0m
[0m2021.04.19 22:00:09 WARN  no build target for: /home/zhangyanqi/Research/Projects/openwhisk_archive/openwhisk-mem-compare/core/invoker/src/main/scala/org/apache/openwhisk/core/containerpool/ContainerPool.scala[0m
[0m2021.04.19 22:00:10 INFO  skipping build import with status 'Requested'[0m
[0m2021.04.19 22:00:16 INFO  no build target: using presentation compiler with only scala-library: 2.12.13[0m
[0m2021.04.19 22:00:22 INFO  time: code lens generation in 11s[0m
[0m2021.04.19 22:02:18 WARN  no build target for: /home/zhangyanqi/Research/Projects/openwhisk_archive/openwhisk-mem-compare/core/controller/src/main/scala/org/apache/openwhisk/core/entitlement/Entitlement.scala[0m
[0m2021.04.19 22:02:19 INFO  time: code lens generation in 1.44s[0m
[0m2021.04.19 22:07:00 WARN  no build target for: /home/zhangyanqi/Research/Projects/openwhisk_archive/openwhisk-mem-compare/common/scala/src/main/scala/org/apache/openwhisk/core/entity/Limits.scala[0m
[0m2021.04.19 22:07:28 WARN  no build target for: /home/zhangyanqi/Research/Projects/openwhisk_archive/openwhisk-mem-compare/core/controller/src/main/scala/org/apache/openwhisk/core/controller/Controller.scala[0m
[0m2021.04.19 22:10:27 WARN  no build target for: /home/zhangyanqi/Research/Projects/openwhisk_archive/openwhisk-mem-compare/core/controller/src/main/scala/org/apache/openwhisk/core/controller/Controller.scala[0m
[0m2021.04.19 22:10:59 WARN  no build target for: /home/zhangyanqi/Research/Projects/openwhisk_archive/openwhisk-mem-compare/common/scala/src/main/scala/org/apache/openwhisk/core/WhiskConfig.scala[0m
[0m2021.04.19 22:32:41 INFO  shutting down Metals[0m
[0m2021.05.01 20:12:22 INFO  Started: Metals version 0.10.2 in workspace '/home/zhangyanqi/Research/Projects/openwhisk_archive/openwhisk-mem-compare' for client vscode 1.55.2.[0m
[0m2021.05.01 20:12:24 INFO  time: initialize in 2.12s[0m
[0m2021.05.01 20:12:24 WARN  Build server is not auto-connectable.[0m
[0m2021.05.01 20:12:24 WARN  no build target for: /home/zhangyanqi/Research/Projects/openwhisk_archive/openwhisk-mem-compare/core/controller/src/main/scala/org/apache/openwhisk/core/controller/Controller.scala[0m
[0m2021.05.01 20:12:26 INFO  skipping build import with status 'Requested'[0m
[0m2021.05.01 20:12:29 INFO  no build target: using presentation compiler with only scala-library: 2.12.13[0m
[0m2021.05.01 20:12:32 INFO  time: code lens generation in 6.29s[0m
[0m2021.05.01 20:12:55 WARN  no build target for: /home/zhangyanqi/Research/Projects/openwhisk_archive/openwhisk-mem-compare/core/controller/src/main/scala/org/apache/openwhisk/core/loadBalancer/CommonLoadBalancer.scala[0m
[0m2021.05.01 20:14:32 WARN  no build target for: /home/zhangyanqi/Research/Projects/openwhisk_archive/openwhisk-mem-compare/core/controller/src/main/scala/org/apache/openwhisk/core/loadBalancer/LoadBalancer.scala[0m
[0m2021.05.01 20:54:45 INFO  shutting down Metals[0m
