2020.12.28 09:11:58 INFO  Started: Metals version 0.9.8 in workspace '/home/zhangyanqi/Research/Projects/openwhisk_archive/openwhisk-harv-vm-cgroup-azure-distributed-jsq' for client vscode.
2020.12.28 09:12:01 INFO  time: initialize in 3.43s
2020.12.28 09:12:03 WARN  Build server is not auto-connectable.
2020.12.28 09:12:03 WARN  no build target for: /home/zhangyanqi/Research/Projects/openwhisk_archive/openwhisk-harv-vm-cgroup-azure-distributed-jsq/common/scala/src/main/scala/org/apache/openwhisk/core/connector/Message.scala
2020.12.28 09:12:10 INFO  no build target: using presentation compiler with only scala-library
2020.12.28 09:13:06 WARN  no build target for: /home/zhangyanqi/Research/Projects/openwhisk_archive/openwhisk-harv-vm-cgroup-azure-distributed-jsq/core/controller/src/main/scala/org/apache/openwhisk/core/controller/Controller.scala
2020.12.28 09:13:14 WARN  no build target for: /home/zhangyanqi/Research/Projects/openwhisk_archive/openwhisk-harv-vm-cgroup-azure-distributed-jsq/core/controller/src/main/scala/org/apache/openwhisk/core/loadBalancer/HarvestVMContainerPoolBalancer.scala
2020.12.28 09:14:39 WARN  no build target for: /home/zhangyanqi/Research/Projects/openwhisk_archive/openwhisk-harv-vm-cgroup-azure-distributed-jsq/core/invoker/src/main/scala/org/apache/openwhisk/core/invoker/InvokerReactive.scala
2020.12.28 09:14:48 WARN  no build target for: /home/zhangyanqi/Research/Projects/openwhisk_archive/openwhisk-harv-vm-cgroup-azure-distributed-jsq/core/invoker/src/main/scala/org/apache/openwhisk/core/invoker/Invoker.scala
2020.12.28 09:14:58 WARN  no build target for: /home/zhangyanqi/Research/Projects/openwhisk_archive/openwhisk-harv-vm-cgroup-azure-distributed-jsq/core/invoker/src/main/scala/org/apache/openwhisk/core/containerpool/ContainerPool.scala
2020.12.28 15:26:12 INFO  shutting down Metals
2021.01.18 18:55:54 INFO  Started: Metals version 0.9.8 in workspace '/home/zhangyanqi/Research/Projects/openwhisk_archive/openwhisk-harv-vm-cgroup-azure-distributed-jsq' for client vscode.
2021.01.18 18:55:56 INFO  time: initialize in 2.1s
2021.01.18 18:55:57 WARN  Build server is not auto-connectable.
2021.01.18 18:55:58 INFO  skipping build import with status 'Requested'
2021.01.18 19:01:10 WARN  no build target for: /home/zhangyanqi/Research/Projects/openwhisk_archive/openwhisk-harv-vm-cgroup-azure-distributed-jsq/core/invoker/src/main/scala/org/apache/openwhisk/core/invoker/InvokerReactive.scala
2021.01.18 19:01:14 INFO  no build target: using presentation compiler with only scala-library
2021.01.18 19:01:32 WARN  no build target for: /home/zhangyanqi/Research/Projects/openwhisk_archive/openwhisk-harv-vm-cgroup-azure-distributed-jsq/common/scala/src/main/scala/org/apache/openwhisk/core/connector/Message.scala
2021.01.18 19:01:38 WARN  no build target for: /home/zhangyanqi/Research/Projects/openwhisk_archive/openwhisk-harv-vm-cgroup-azure-distributed-jsq/common/scala/src/main/scala/org/apache/openwhisk/core/connector/Message.scala
2021.01.18 19:01:44 WARN  no build target for: /home/zhangyanqi/Research/Projects/openwhisk_archive/openwhisk-harv-vm-cgroup-azure-distributed-jsq/common/scala/src/main/scala/org/apache/openwhisk/core/connector/Message.scala
2021.01.18 19:02:00 WARN  no build target for: /home/zhangyanqi/Research/Projects/openwhisk_archive/openwhisk-harv-vm-cgroup-azure-distributed-jsq/core/controller/src/main/scala/org/apache/openwhisk/core/loadBalancer/InvokerSupervision.scala
2021.01.18 19:02:20 WARN  no build target for: /home/zhangyanqi/Research/Projects/openwhisk_archive/openwhisk-harv-vm-cgroup-azure-distributed-jsq/core/controller/src/main/scala/org/apache/openwhisk/core/loadBalancer/InvokerSupervision.scala
2021.01.18 19:02:34 WARN  no build target for: /home/zhangyanqi/Research/Projects/openwhisk_archive/openwhisk-harv-vm-cgroup-azure-distributed-jsq/core/controller/src/main/scala/org/apache/openwhisk/core/loadBalancer/InvokerSupervision.scala
2021.01.18 19:02:38 WARN  no build target for: /home/zhangyanqi/Research/Projects/openwhisk_archive/openwhisk-harv-vm-cgroup-azure-distributed-jsq/core/controller/src/main/scala/org/apache/openwhisk/core/loadBalancer/LoadBalancer.scala
2021.01.18 19:02:46 WARN  no build target for: /home/zhangyanqi/Research/Projects/openwhisk_archive/openwhisk-harv-vm-cgroup-azure-distributed-jsq/core/controller/src/main/scala/org/apache/openwhisk/core/loadBalancer/LoadBalancer.scala
2021.01.18 19:02:53 WARN  no build target for: /home/zhangyanqi/Research/Projects/openwhisk_archive/openwhisk-harv-vm-cgroup-azure-distributed-jsq/core/controller/src/main/scala/org/apache/openwhisk/core/loadBalancer/LoadBalancer.scala
2021.01.18 19:03:03 WARN  no build target for: /home/zhangyanqi/Research/Projects/openwhisk_archive/openwhisk-harv-vm-cgroup-azure-distributed-jsq/core/controller/src/main/scala/org/apache/openwhisk/core/loadBalancer/LoadBalancer.scala
2021.01.18 19:03:07 WARN  no build target for: /home/zhangyanqi/Research/Projects/openwhisk_archive/openwhisk-harv-vm-cgroup-azure-distributed-jsq/core/controller/src/main/scala/org/apache/openwhisk/core/loadBalancer/LoadBalancer.scala
2021.01.18 19:06:57 WARN  no build target for: /home/zhangyanqi/Research/Projects/openwhisk_archive/openwhisk-harv-vm-cgroup-azure-distributed-jsq/core/controller/src/main/scala/org/apache/openwhisk/core/loadBalancer/CommonLoadBalancer.scala
Jan 18, 2021 7:06:58 PM org.eclipse.lsp4j.jsonrpc.RemoteEndpoint handleCancellation
WARNING: Unmatched cancel notification for request id 226
2021.01.18 19:07:15 WARN  no build target for: /home/zhangyanqi/Research/Projects/openwhisk_archive/openwhisk-harv-vm-cgroup-azure-distributed-jsq/core/controller/src/main/scala/org/apache/openwhisk/core/loadBalancer/HarvestVMContainerPoolBalancer.scala
2021.01.18 19:08:05 WARN  code navigation does not work for the file '/home/zhangyanqi/Research/Projects/openwhisk_archive/openwhisk-harv-vm-cgroup-azure-distributed-jsq/core/controller/src/main/scala/org/apache/openwhisk/core/loadBalancer/HarvestVMContainerPoolBalancer.scala' because it doesn't belong to a build target.
2021.01.18 19:08:24 WARN  no build target for: /home/zhangyanqi/Research/Projects/openwhisk_archive/openwhisk-harv-vm-cgroup-azure-distributed-jsq/core/controller/src/main/scala/org/apache/openwhisk/core/loadBalancer/HarvestVMContainerPoolBalancer.scala
2021.01.18 19:08:40 WARN  no build target for: /home/zhangyanqi/Research/Projects/openwhisk_archive/openwhisk-harv-vm-cgroup-azure-distributed-jsq/core/controller/src/main/scala/org/apache/openwhisk/core/loadBalancer/HarvestVMContainerPoolBalancer.scala
2021.01.18 19:08:54 WARN  no build target for: /home/zhangyanqi/Research/Projects/openwhisk_archive/openwhisk-harv-vm-cgroup-azure-distributed-jsq/core/controller/src/main/scala/org/apache/openwhisk/core/loadBalancer/HarvestVMContainerPoolBalancer.scala
2021.01.18 19:08:57 WARN  no build target for: /home/zhangyanqi/Research/Projects/openwhisk_archive/openwhisk-harv-vm-cgroup-azure-distributed-jsq/core/controller/src/main/scala/org/apache/openwhisk/core/loadBalancer/HarvestVMContainerPoolBalancer.scala
2021.01.18 19:08:57 WARN  no build target for: /home/zhangyanqi/Research/Projects/openwhisk_archive/openwhisk-harv-vm-cgroup-azure-distributed-jsq/core/controller/src/main/scala/org/apache/openwhisk/core/loadBalancer/HarvestVMContainerPoolBalancer.scala
2021.01.18 19:09:29 WARN  no build target for: /home/zhangyanqi/Research/Projects/openwhisk_archive/openwhisk-harv-vm-cgroup-azure-distributed-jsq/core/controller/src/main/scala/org/apache/openwhisk/core/loadBalancer/HarvestVMContainerPoolBalancer.scala
2021.01.18 19:10:02 WARN  no build target for: /home/zhangyanqi/Research/Projects/openwhisk_archive/openwhisk-harv-vm-cgroup-azure-distributed-jsq/core/controller/src/main/scala/org/apache/openwhisk/core/loadBalancer/HarvestVMContainerPoolBalancer.scala
2021.01.18 19:10:11 WARN  no build target for: /home/zhangyanqi/Research/Projects/openwhisk_archive/openwhisk-harv-vm-cgroup-azure-distributed-jsq/core/controller/src/main/scala/org/apache/openwhisk/core/loadBalancer/HarvestVMContainerPoolBalancer.scala
2021.01.18 19:10:17 WARN  code navigation does not work for the file '/home/zhangyanqi/Research/Projects/openwhisk_archive/openwhisk-harv-vm-cgroup-azure-distributed-jsq/core/controller/src/main/scala/org/apache/openwhisk/core/loadBalancer/HarvestVMContainerPoolBalancer.scala' because it doesn't belong to a build target.
2021.01.18 19:11:12 WARN  no build target for: /home/zhangyanqi/Research/Projects/openwhisk_archive/openwhisk-harv-vm-cgroup-azure-distributed-jsq/core/controller/src/main/scala/org/apache/openwhisk/core/loadBalancer/HarvestVMContainerPoolBalancer.scala
2021.01.18 19:11:35 WARN  no build target for: /home/zhangyanqi/Research/Projects/openwhisk_archive/openwhisk-harv-vm-cgroup-azure-distributed-jsq/core/controller/src/main/scala/org/apache/openwhisk/core/loadBalancer/HarvestVMContainerPoolBalancer.scala
2021.01.18 19:11:47 WARN  no build target for: /home/zhangyanqi/Research/Projects/openwhisk_archive/openwhisk-harv-vm-cgroup-azure-distributed-jsq/core/controller/src/main/scala/org/apache/openwhisk/core/loadBalancer/HarvestVMContainerPoolBalancer.scala
2021.01.18 19:11:51 WARN  no build target for: /home/zhangyanqi/Research/Projects/openwhisk_archive/openwhisk-harv-vm-cgroup-azure-distributed-jsq/core/controller/src/main/scala/org/apache/openwhisk/core/loadBalancer/HarvestVMContainerPoolBalancer.scala
2021.01.18 19:12:05 WARN  no build target for: /home/zhangyanqi/Research/Projects/openwhisk_archive/openwhisk-harv-vm-cgroup-azure-distributed-jsq/core/controller/src/main/scala/org/apache/openwhisk/core/loadBalancer/HarvestVMContainerPoolBalancer.scala
2021.01.18 19:12:09 WARN  no build target for: /home/zhangyanqi/Research/Projects/openwhisk_archive/openwhisk-harv-vm-cgroup-azure-distributed-jsq/core/controller/src/main/scala/org/apache/openwhisk/core/loadBalancer/HarvestVMContainerPoolBalancer.scala
2021.01.18 19:12:50 WARN  no build target for: /home/zhangyanqi/Research/Projects/openwhisk_archive/openwhisk-harv-vm-cgroup-azure-distributed-jsq/core/controller/src/main/scala/org/apache/openwhisk/core/loadBalancer/HarvestVMContainerPoolBalancer.scala
2021.01.18 19:14:52 WARN  no build target for: /home/zhangyanqi/Research/Projects/openwhisk_archive/openwhisk-harv-vm-cgroup-azure-distributed-jsq/core/controller/src/main/scala/org/apache/openwhisk/core/loadBalancer/HarvestVMContainerPoolBalancer.scala
2021.01.18 19:15:49 WARN  no build target for: /home/zhangyanqi/Research/Projects/openwhisk_archive/openwhisk-harv-vm-cgroup-azure-distributed-jsq/core/controller/src/main/scala/org/apache/openwhisk/core/loadBalancer/HarvestVMContainerPoolBalancer.scala
2021.01.18 19:15:54 WARN  no build target for: /home/zhangyanqi/Research/Projects/openwhisk_archive/openwhisk-harv-vm-cgroup-azure-distributed-jsq/core/controller/src/main/scala/org/apache/openwhisk/core/loadBalancer/HarvestVMContainerPoolBalancer.scala
2021.01.18 19:36:50 WARN  no build target for: /home/zhangyanqi/Research/Projects/openwhisk_archive/openwhisk-harv-vm-cgroup-azure-distributed-jsq/core/invoker/src/main/scala/org/apache/openwhisk/core/containerpool/ContainerProxy.scala
2021.01.18 19:36:50 WARN  no build target for: /home/zhangyanqi/Research/Projects/openwhisk_archive/openwhisk-harv-vm-cgroup-azure-distributed-jsq/core/invoker/src/main/scala/org/apache/openwhisk/core/containerpool/ContainerPool.scala
2021.01.18 19:37:09 WARN  no build target for: /home/zhangyanqi/Research/Projects/openwhisk_archive/openwhisk-harv-vm-cgroup-azure-distributed-jsq/core/invoker/src/main/scala/org/apache/openwhisk/core/containerpool/ContainerPool.scala
2021.01.18 19:39:48 WARN  no build target for: /home/zhangyanqi/Research/Projects/openwhisk_archive/openwhisk-harv-vm-cgroup-azure-distributed-jsq/core/controller/src/main/scala/org/apache/openwhisk/core/loadBalancer/HarvestVMContainerPoolBalancer.scala
2021.01.18 19:39:53 WARN  code navigation does not work for the file '/home/zhangyanqi/Research/Projects/openwhisk_archive/openwhisk-harv-vm-cgroup-azure-distributed-jsq/core/controller/src/main/scala/org/apache/openwhisk/core/loadBalancer/HarvestVMContainerPoolBalancer.scala' because it doesn't belong to a build target.
2021.01.18 19:40:16 WARN  code navigation does not work for the file '/home/zhangyanqi/Research/Projects/openwhisk_archive/openwhisk-harv-vm-cgroup-azure-distributed-jsq/core/controller/src/main/scala/org/apache/openwhisk/core/loadBalancer/HarvestVMContainerPoolBalancer.scala' because it doesn't belong to a build target.
2021.01.18 19:40:16 WARN  no build target for: /home/zhangyanqi/Research/Projects/openwhisk_archive/openwhisk-harv-vm-cgroup-azure-distributed-jsq/core/controller/src/main/scala/org/apache/openwhisk/core/loadBalancer/HarvestVMContainerPoolBalancer.scala
2021.01.18 20:04:16 INFO  shutting down Metals
[0m2021.01.20 18:23:19 INFO  Started: Metals version 0.9.10 in workspace '/home/zhangyanqi/Research/Projects/openwhisk_archive/openwhisk-harv-vm-cgroup-azure-distributed-jsq' for client vscode 1.52.1.[0m
[0m2021.01.20 18:23:21 INFO  time: initialize in 2.02s[0m
[0m2021.01.20 18:23:21 WARN  resetting database: /home/zhangyanqi/Research/Projects/openwhisk_archive/openwhisk-harv-vm-cgroup-azure-distributed-jsq/.metals/metals.h2.db[0m
[0m2021.01.20 18:23:21 WARN  Build server is not auto-connectable.[0m
[0m2021.01.20 18:24:03 INFO  no build target: using presentation compiler with only scala-library[0m
[0m2021.01.20 18:24:08 WARN  no build target for: /home/zhangyanqi/Research/Projects/openwhisk_archive/openwhisk-harv-vm-cgroup-azure-distributed-jsq/core/controller/src/main/scala/org/apache/openwhisk/core/loadBalancer/HarvestVMContainerPoolBalancer.scala[0m
Jan 20, 2021 6:24:08 PM org.eclipse.lsp4j.jsonrpc.RemoteEndpoint handleCancellation
WARNING: Unmatched cancel notification for request id 1
[0m2021.01.21 00:18:26 INFO  shutting down Metals[0m
[0m2021.04.14 10:27:39 INFO  Started: Metals version 0.10.1 in workspace '/home/zhangyanqi/Research/Projects/openwhisk_archive/openwhisk-harv-vm-cgroup-azure-distributed-jsq' for client vscode 1.55.1.[0m
[0m2021.04.14 10:27:41 INFO  time: initialize in 2.59s[0m
[0m2021.04.14 10:27:41 WARN  Build server is not auto-connectable.[0m
[0m2021.04.14 10:27:41 WARN  no build target for: /home/zhangyanqi/Research/Projects/openwhisk_archive/openwhisk-harv-vm-cgroup-azure-distributed-jsq/core/controller/src/main/scala/org/apache/openwhisk/core/loadBalancer/HarvestVMContainerPoolBalancer.scala[0m
[0m2021.04.14 10:27:44 INFO  skipping build import with status 'Requested'[0m
[0m2021.04.14 10:27:47 INFO  no build target: using presentation compiler with only scala-library: 2.12.13[0m
[0m2021.04.14 10:27:51 INFO  time: code lens generation in 7.98s[0m
[0m2021.04.14 11:53:25 WARN  no build target for: /home/zhangyanqi/Research/Projects/openwhisk_archive/openwhisk-harv-vm-cgroup-azure-distributed-jsq/core/controller/src/main/scala/org/apache/openwhisk/core/loadBalancer/InvokerSupervision.scala[0m
[0m2021.04.14 11:53:26 INFO  time: code lens generation in 1.2s[0m
Apr 14, 2021 11:54:09 AM org.eclipse.lsp4j.jsonrpc.RemoteEndpoint handleCancellation
WARNING: Unmatched cancel notification for request id 27
[0m2021.04.14 11:54:20 WARN  no build target for: /home/zhangyanqi/Research/Projects/openwhisk_archive/openwhisk-harv-vm-cgroup-azure-distributed-jsq/core/invoker/src/main/scala/org/apache/openwhisk/core/invoker/InvokerReactive.scala[0m
[0m2021.04.14 11:54:33 WARN  no build target for: /home/zhangyanqi/Research/Projects/openwhisk_archive/openwhisk-harv-vm-cgroup-azure-distributed-jsq/core/invoker/src/main/scala/org/apache/openwhisk/core/containerpool/ContainerPool.scala[0m
[0m2021.04.14 13:59:27 INFO  shutting down Metals[0m
[0m2021.04.15 11:09:36 INFO  Started: Metals version 0.10.1 in workspace '/home/zhangyanqi/Research/Projects/openwhisk_archive/openwhisk-harv-vm-cgroup-azure-distributed-jsq' for client vscode 1.55.1.[0m
[0m2021.04.15 11:09:41 INFO  time: initialize in 4.71s[0m
[0m2021.04.15 11:09:41 WARN  Build server is not auto-connectable.[0m
[0m2021.04.15 11:09:41 WARN  no build target for: /home/zhangyanqi/Research/Projects/openwhisk_archive/openwhisk-harv-vm-cgroup-azure-distributed-jsq/core/invoker/src/main/scala/org/apache/openwhisk/core/invoker/InvokerReactive.scala[0m
[0m2021.04.15 11:09:41 WARN  no build target for: /home/zhangyanqi/Research/Projects/openwhisk_archive/openwhisk-harv-vm-cgroup-azure-distributed-jsq/core/invoker/src/main/scala/org/apache/openwhisk/core/containerpool/ContainerPool.scala[0m
[0m2021.04.15 11:09:43 INFO  skipping build import with status 'Requested'[0m
[0m2021.04.15 11:09:48 INFO  no build target: using presentation compiler with only scala-library: 2.12.13[0m
[0m2021.04.15 11:09:54 INFO  time: code lens generation in 4.23s[0m
[0m2021.04.15 11:09:55 INFO  time: code lens generation in 7.8s[0m
[0m2021.04.15 11:09:55 INFO  time: code lens generation in 8.2s[0m
[0m2021.04.15 11:09:55 INFO  time: code lens generation in 10s[0m
[0m2021.04.15 11:09:57 INFO  shutting down Metals[0m
[0m2021.04.15 16:51:44 INFO  Started: Metals version 0.10.1 in workspace '/home/zhangyanqi/Research/Projects/openwhisk_archive/openwhisk-harv-vm-cgroup-azure-distributed-jsq' for client vscode 1.55.1.[0m
[0m2021.04.15 16:51:47 INFO  time: initialize in 2.74s[0m
[0m2021.04.15 16:51:47 WARN  Build server is not auto-connectable.[0m
[0m2021.04.15 16:51:47 WARN  no build target for: /home/zhangyanqi/Research/Projects/openwhisk_archive/openwhisk-harv-vm-cgroup-azure-distributed-jsq/core/invoker/src/main/scala/org/apache/openwhisk/core/invoker/InvokerReactive.scala[0m
[0m2021.04.15 16:51:49 INFO  skipping build import with status 'Requested'[0m
[0m2021.04.15 16:51:52 INFO  no build target: using presentation compiler with only scala-library: 2.12.13[0m
[0m2021.04.15 16:51:55 INFO  time: code lens generation in 7.01s[0m
[0m2021.04.15 17:25:10 INFO  shutting down Metals[0m
[0m2021.04.18 10:08:35 INFO  Started: Metals version 0.10.1 in workspace '/home/zhangyanqi/Research/Projects/openwhisk_archive/openwhisk-harv-vm-cgroup-azure-distributed-jsq' for client vscode 1.55.2.[0m
[0m2021.04.18 10:08:37 INFO  time: initialize in 1.76s[0m
[0m2021.04.18 10:08:37 WARN  Build server is not auto-connectable.[0m
[0m2021.04.18 10:08:37 WARN  no build target for: /home/zhangyanqi/Research/Projects/openwhisk_archive/openwhisk-harv-vm-cgroup-azure-distributed-jsq/core/invoker/src/main/scala/org/apache/openwhisk/core/invoker/InvokerReactive.scala[0m
[0m2021.04.18 10:08:41 INFO  no build target: using presentation compiler with only scala-library: 2.12.13[0m
[0m2021.04.18 10:08:44 INFO  time: code lens generation in 6.13s[0m
[0m2021.04.18 10:13:22 INFO  shutting down Metals[0m
