2020.11.27 09:55:51 INFO  Started: Metals version 0.9.7 in workspace '/home/zhangyanqi/Research/Projects/openwhisk_archive/openwhisk-harv-vm-cgroup-azure-distributed' for client vscode.
2020.11.27 09:55:53 INFO  time: initialize in 1.8s
2020.11.27 09:55:53 WARN  Build server is not auto-connectable.
2020.11.27 09:55:53 WARN  no build target for: /home/zhangyanqi/Research/Projects/openwhisk_archive/openwhisk-harv-vm-cgroup-azure-distributed/core/controller/src/main/scala/org/apache/openwhisk/core/loadBalancer/HarvestVMContainerPoolBalancer.scala
2020.11.27 09:55:53 WARN  no build target for: /home/zhangyanqi/Research/Projects/openwhisk_archive/openwhisk-harv-vm-cgroup-azure-distributed/core/controller/src/main/scala/org/apache/openwhisk/core/loadBalancer/LoadBalancer.scala
2020.11.27 09:56:00 INFO  no build target: using presentation compiler with only scala-library
2020.11.27 09:56:02 INFO  running '/home/zhangyanqi/Research/Projects/openwhisk_archive/openwhisk-harv-vm-cgroup-azure-distributed/gradlew --console=plain --init-script /tmp/metals14434245116198851199/init-script.gradle bloopInstall'
2020.11.27 09:56:03 INFO  Downloading https://services.gradle.org/distributions/gradle-5.5.1-all.zip
2020.11.27 09:57:11 INFO  ..................................................................................................................................
2020.11.27 09:57:38 INFO  
2020.11.27 09:57:38 INFO  Welcome to Gradle 5.5.1!
2020.11.27 09:57:38 INFO  
2020.11.27 09:57:38 INFO  Here are the highlights of this release:
2020.11.27 09:57:38 INFO   - Kickstart Gradle plugin development with gradle init
2020.11.27 09:57:38 INFO   - Distribute organization-wide Gradle properties in custom Gradle distributions
2020.11.27 09:57:38 INFO   - Transform dependency artifacts on resolution
2020.11.27 09:57:38 INFO  
2020.11.27 09:57:38 INFO  For more details see https://docs.gradle.org/5.5.1/release-notes.html
2020.11.27 09:57:38 INFO  
2020.11.27 09:57:38 INFO  Starting a Gradle Daemon (subsequent builds will be faster)
2020.11.27 10:08:44 INFO  user cancelled gradle bloopInstall
2020.11.27 10:08:44 INFO  time: ran 'gradle bloopInstall' in 12m40s
2020.11.27 10:08:44 INFO  gradle bloopInstall exit: 143
2020.11.27 10:16:00 WARN  no build target for: /home/zhangyanqi/Research/Projects/openwhisk_archive/openwhisk-harv-vm-cgroup-azure-distributed/core/controller/src/main/scala/org/apache/openwhisk/core/loadBalancer/HarvestVMContainerPoolBalancer.scala
2020.11.27 10:16:27 WARN  no build target for: /home/zhangyanqi/Research/Projects/openwhisk_archive/openwhisk-harv-vm-cgroup-azure-distributed/core/controller/src/main/scala/org/apache/openwhisk/core/loadBalancer/HarvestVMContainerPoolBalancer.scala
2020.11.27 10:16:50 WARN  no build target for: /home/zhangyanqi/Research/Projects/openwhisk_archive/openwhisk-harv-vm-cgroup-azure-distributed/core/controller/src/main/scala/org/apache/openwhisk/core/loadBalancer/HarvestVMContainerPoolBalancer.scala
2020.11.27 10:17:15 WARN  no build target for: /home/zhangyanqi/Research/Projects/openwhisk_archive/openwhisk-harv-vm-cgroup-azure-distributed/core/controller/src/main/scala/org/apache/openwhisk/core/loadBalancer/HarvestVMContainerPoolBalancer.scala
2020.11.27 10:17:27 WARN  no build target for: /home/zhangyanqi/Research/Projects/openwhisk_archive/openwhisk-harv-vm-cgroup-azure-distributed/core/controller/src/main/scala/org/apache/openwhisk/core/loadBalancer/HarvestVMContainerPoolBalancer.scala
Nov 27, 2020 10:17:46 AM org.eclipse.lsp4j.jsonrpc.RemoteEndpoint handleCancellation
WARNING: Unmatched cancel notification for request id 271
2020.11.27 10:17:47 WARN  no build target for: /home/zhangyanqi/Research/Projects/openwhisk_archive/openwhisk-harv-vm-cgroup-azure-distributed/core/controller/src/main/scala/org/apache/openwhisk/core/loadBalancer/HarvestVMContainerPoolBalancer.scala
2020.11.27 10:17:57 WARN  code navigation does not work for the file '/home/zhangyanqi/Research/Projects/openwhisk_archive/openwhisk-harv-vm-cgroup-azure-distributed/core/controller/src/main/scala/org/apache/openwhisk/core/loadBalancer/HarvestVMContainerPoolBalancer.scala' because it doesn't belong to a build target.
2020.11.27 10:17:57 WARN  no build target for: /home/zhangyanqi/Research/Projects/openwhisk_archive/openwhisk-harv-vm-cgroup-azure-distributed/core/controller/src/main/scala/org/apache/openwhisk/core/loadBalancer/HarvestVMContainerPoolBalancer.scala
2020.11.27 10:19:48 WARN  code navigation does not work for the file '/home/zhangyanqi/Research/Projects/openwhisk_archive/openwhisk-harv-vm-cgroup-azure-distributed/core/controller/src/main/scala/org/apache/openwhisk/core/loadBalancer/HarvestVMContainerPoolBalancer.scala' because it doesn't belong to a build target.
2020.11.27 10:19:49 WARN  code navigation does not work for the file '/home/zhangyanqi/Research/Projects/openwhisk_archive/openwhisk-harv-vm-cgroup-azure-distributed/core/controller/src/main/scala/org/apache/openwhisk/core/loadBalancer/HarvestVMContainerPoolBalancer.scala' because it doesn't belong to a build target.
2020.11.27 10:19:50 WARN  code navigation does not work for the file '/home/zhangyanqi/Research/Projects/openwhisk_archive/openwhisk-harv-vm-cgroup-azure-distributed/core/controller/src/main/scala/org/apache/openwhisk/core/loadBalancer/HarvestVMContainerPoolBalancer.scala' because it doesn't belong to a build target.
2020.11.27 10:19:50 WARN  code navigation does not work for the file '/home/zhangyanqi/Research/Projects/openwhisk_archive/openwhisk-harv-vm-cgroup-azure-distributed/core/controller/src/main/scala/org/apache/openwhisk/core/loadBalancer/HarvestVMContainerPoolBalancer.scala' because it doesn't belong to a build target.
2020.11.27 10:19:50 WARN  no build target for: /home/zhangyanqi/Research/Projects/openwhisk_archive/openwhisk-harv-vm-cgroup-azure-distributed/core/controller/src/main/scala/org/apache/openwhisk/core/loadBalancer/HarvestVMContainerPoolBalancer.scala
2020.11.27 10:19:56 WARN  no build target for: /home/zhangyanqi/Research/Projects/openwhisk_archive/openwhisk-harv-vm-cgroup-azure-distributed/core/invoker/src/main/scala/org/apache/openwhisk/core/invoker/InvokerReactive.scala
2020.11.27 10:20:48 WARN  no build target for: /home/zhangyanqi/Research/Projects/openwhisk_archive/openwhisk-harv-vm-cgroup-azure-distributed/core/controller/src/main/scala/org/apache/openwhisk/core/loadBalancer/HarvestVMContainerPoolBalancer.scala
something's wrong: no file:///home/zhangyanqi/Research/Projects/openwhisk_archive/openwhisk-harv-vm-cgroup-azure-distributed/core/controller/src/main/scala/org/apache/openwhisk/core/loadBalancer/HarvestVMContainerPoolBalancer.scala in scala.collection.mutable.Map[String,<error>]RangePosition(file:///home/zhangyanqi/Research/Projects/openwhisk_archive/openwhisk-harv-vm-cgroup-azure-distributed/core/controller/src/main/scala/org/apache/openwhisk/core/loadBalancer/HarvestVMContainerPoolBalancer.scala, 39440, 39440, 39461)
2020.11.27 10:21:28 WARN  code navigation does not work for the file '/home/zhangyanqi/Research/Projects/openwhisk_archive/openwhisk-harv-vm-cgroup-azure-distributed/core/controller/src/main/scala/org/apache/openwhisk/core/loadBalancer/HarvestVMContainerPoolBalancer.scala' because it doesn't belong to a build target.
2020.11.27 10:21:29 WARN  code navigation does not work for the file '/home/zhangyanqi/Research/Projects/openwhisk_archive/openwhisk-harv-vm-cgroup-azure-distributed/core/controller/src/main/scala/org/apache/openwhisk/core/loadBalancer/HarvestVMContainerPoolBalancer.scala' because it doesn't belong to a build target.
2020.11.27 10:22:01 WARN  no build target for: /home/zhangyanqi/Research/Projects/openwhisk_archive/openwhisk-harv-vm-cgroup-azure-distributed/core/controller/src/main/scala/org/apache/openwhisk/core/loadBalancer/HarvestVMContainerPoolBalancer.scala
2020.11.27 10:22:03 WARN  no build target for: /home/zhangyanqi/Research/Projects/openwhisk_archive/openwhisk-harv-vm-cgroup-azure-distributed/core/controller/src/main/scala/org/apache/openwhisk/core/loadBalancer/HarvestVMContainerPoolBalancer.scala
2020.11.27 10:22:10 WARN  code navigation does not work for the file '/home/zhangyanqi/Research/Projects/openwhisk_archive/openwhisk-harv-vm-cgroup-azure-distributed/core/invoker/src/main/scala/org/apache/openwhisk/core/invoker/InvokerReactive.scala' because it doesn't belong to a build target.
2020.11.27 10:22:10 WARN  code navigation does not work for the file '/home/zhangyanqi/Research/Projects/openwhisk_archive/openwhisk-harv-vm-cgroup-azure-distributed/core/invoker/src/main/scala/org/apache/openwhisk/core/invoker/InvokerReactive.scala' because it doesn't belong to a build target.
2020.11.27 10:22:10 WARN  code navigation does not work for the file '/home/zhangyanqi/Research/Projects/openwhisk_archive/openwhisk-harv-vm-cgroup-azure-distributed/core/invoker/src/main/scala/org/apache/openwhisk/core/invoker/InvokerReactive.scala' because it doesn't belong to a build target.
2020.11.27 10:22:10 WARN  code navigation does not work for the file '/home/zhangyanqi/Research/Projects/openwhisk_archive/openwhisk-harv-vm-cgroup-azure-distributed/core/invoker/src/main/scala/org/apache/openwhisk/core/invoker/InvokerReactive.scala' because it doesn't belong to a build target.
2020.11.27 10:22:16 WARN  no build target for: /home/zhangyanqi/Research/Projects/openwhisk_archive/openwhisk-harv-vm-cgroup-azure-distributed/core/controller/src/main/scala/org/apache/openwhisk/core/loadBalancer/HarvestVMContainerPoolBalancer.scala
2020.11.27 10:22:23 WARN  no build target for: /home/zhangyanqi/Research/Projects/openwhisk_archive/openwhisk-harv-vm-cgroup-azure-distributed/core/controller/src/main/scala/org/apache/openwhisk/core/loadBalancer/HarvestVMContainerPoolBalancer.scala
2020.11.27 10:22:31 WARN  no build target for: /home/zhangyanqi/Research/Projects/openwhisk_archive/openwhisk-harv-vm-cgroup-azure-distributed/core/controller/src/main/scala/org/apache/openwhisk/core/loadBalancer/HarvestVMContainerPoolBalancer.scala
2020.11.27 10:22:38 WARN  no build target for: /home/zhangyanqi/Research/Projects/openwhisk_archive/openwhisk-harv-vm-cgroup-azure-distributed/core/controller/src/main/scala/org/apache/openwhisk/core/loadBalancer/HarvestVMContainerPoolBalancer.scala
2020.11.27 10:23:01 WARN  no build target for: /home/zhangyanqi/Research/Projects/openwhisk_archive/openwhisk-harv-vm-cgroup-azure-distributed/core/controller/src/main/scala/org/apache/openwhisk/core/loadBalancer/HarvestVMContainerPoolBalancer.scala
2020.11.27 10:23:25 WARN  no build target for: /home/zhangyanqi/Research/Projects/openwhisk_archive/openwhisk-harv-vm-cgroup-azure-distributed/core/invoker/src/main/scala/org/apache/openwhisk/core/invoker/InvokerReactive.scala
2020.11.27 10:23:36 WARN  no build target for: /home/zhangyanqi/Research/Projects/openwhisk_archive/openwhisk-harv-vm-cgroup-azure-distributed/core/invoker/src/main/scala/org/apache/openwhisk/core/invoker/InvokerReactive.scala
2020.11.27 10:23:46 WARN  no build target for: /home/zhangyanqi/Research/Projects/openwhisk_archive/openwhisk-harv-vm-cgroup-azure-distributed/core/invoker/src/main/scala/org/apache/openwhisk/core/invoker/InvokerReactive.scala
2020.11.27 10:24:03 WARN  no build target for: /home/zhangyanqi/Research/Projects/openwhisk_archive/openwhisk-harv-vm-cgroup-azure-distributed/core/invoker/src/main/scala/org/apache/openwhisk/core/invoker/InvokerReactive.scala
2020.11.27 10:24:12 WARN  no build target for: /home/zhangyanqi/Research/Projects/openwhisk_archive/openwhisk-harv-vm-cgroup-azure-distributed/core/invoker/src/main/scala/org/apache/openwhisk/core/invoker/InvokerReactive.scala
2020.11.27 10:24:12 WARN  code navigation does not work for the file '/home/zhangyanqi/Research/Projects/openwhisk_archive/openwhisk-harv-vm-cgroup-azure-distributed/core/invoker/src/main/scala/org/apache/openwhisk/core/invoker/InvokerReactive.scala' because it doesn't belong to a build target.
2020.11.27 10:24:18 WARN  code navigation does not work for the file '/home/zhangyanqi/Research/Projects/openwhisk_archive/openwhisk-harv-vm-cgroup-azure-distributed/core/invoker/src/main/scala/org/apache/openwhisk/core/invoker/InvokerReactive.scala' because it doesn't belong to a build target.
2020.11.27 10:24:27 WARN  no build target for: /home/zhangyanqi/Research/Projects/openwhisk_archive/openwhisk-harv-vm-cgroup-azure-distributed/core/invoker/src/main/scala/org/apache/openwhisk/core/invoker/InvokerReactive.scala
2020.11.27 10:24:33 WARN  no build target for: /home/zhangyanqi/Research/Projects/openwhisk_archive/openwhisk-harv-vm-cgroup-azure-distributed/core/invoker/src/main/scala/org/apache/openwhisk/core/invoker/InvokerReactive.scala
2020.11.27 10:24:41 WARN  no build target for: /home/zhangyanqi/Research/Projects/openwhisk_archive/openwhisk-harv-vm-cgroup-azure-distributed/core/invoker/src/main/scala/org/apache/openwhisk/core/invoker/InvokerReactive.scala
2020.11.27 10:27:04 WARN  no build target for: /home/zhangyanqi/Research/Projects/openwhisk_archive/openwhisk-harv-vm-cgroup-azure-distributed/core/controller/src/main/scala/org/apache/openwhisk/core/loadBalancer/HarvestVMContainerPoolBalancer.scala
2020.11.27 10:27:22 WARN  no build target for: /home/zhangyanqi/Research/Projects/openwhisk_archive/openwhisk-harv-vm-cgroup-azure-distributed/core/controller/src/main/scala/org/apache/openwhisk/core/loadBalancer/HarvestVMContainerPoolBalancer.scala
2020.11.27 10:27:35 WARN  no build target for: /home/zhangyanqi/Research/Projects/openwhisk_archive/openwhisk-harv-vm-cgroup-azure-distributed/core/controller/src/main/scala/org/apache/openwhisk/core/loadBalancer/HarvestVMContainerPoolBalancer.scala
2020.11.27 10:27:58 WARN  no build target for: /home/zhangyanqi/Research/Projects/openwhisk_archive/openwhisk-harv-vm-cgroup-azure-distributed/core/controller/src/main/scala/org/apache/openwhisk/core/loadBalancer/HarvestVMContainerPoolBalancer.scala
2020.11.27 10:37:25 WARN  no build target for: /home/zhangyanqi/Research/Projects/openwhisk_archive/openwhisk-harv-vm-cgroup-azure-distributed/core/controller/src/main/scala/org/apache/openwhisk/core/loadBalancer/HarvestVMContainerPoolBalancer.scala
2020.11.27 11:17:52 WARN  no build target for: /home/zhangyanqi/Research/Projects/openwhisk_archive/openwhisk-harv-vm-cgroup-azure-distributed/core/controller/src/main/scala/org/apache/openwhisk/core/loadBalancer/HarvestVMContainerPoolBalancer.scala
2020.11.27 12:19:24 WARN  code navigation does not work for the file '/home/zhangyanqi/Research/Projects/openwhisk_archive/openwhisk-harv-vm-cgroup-azure-distributed/core/controller/src/main/scala/org/apache/openwhisk/core/loadBalancer/HarvestVMContainerPoolBalancer.scala' because it doesn't belong to a build target.
2020.11.27 12:19:24 WARN  no build target for: /home/zhangyanqi/Research/Projects/openwhisk_archive/openwhisk-harv-vm-cgroup-azure-distributed/core/controller/src/main/scala/org/apache/openwhisk/core/loadBalancer/HarvestVMContainerPoolBalancer.scala
2020.11.27 12:19:35 WARN  no build target for: /home/zhangyanqi/Research/Projects/openwhisk_archive/openwhisk-harv-vm-cgroup-azure-distributed/core/controller/src/main/scala/org/apache/openwhisk/core/loadBalancer/HarvestVMContainerPoolBalancer.scala
2020.11.27 12:20:27 WARN  code navigation does not work for the file '/home/zhangyanqi/Research/Projects/openwhisk_archive/openwhisk-harv-vm-cgroup-azure-distributed/core/controller/src/main/scala/org/apache/openwhisk/core/loadBalancer/HarvestVMContainerPoolBalancer.scala' because it doesn't belong to a build target.
2020.11.27 12:31:54 WARN  code navigation does not work for the file '/home/zhangyanqi/Research/Projects/openwhisk_archive/openwhisk-harv-vm-cgroup-azure-distributed/core/controller/src/main/scala/org/apache/openwhisk/core/loadBalancer/HarvestVMContainerPoolBalancer.scala' because it doesn't belong to a build target.
Nov 27, 2020 12:32:47 PM org.eclipse.lsp4j.jsonrpc.RemoteEndpoint handleCancellation
WARNING: Unmatched cancel notification for request id 1403
2020.11.27 12:32:49 WARN  no build target for: /home/zhangyanqi/Research/Projects/openwhisk_archive/openwhisk-harv-vm-cgroup-azure-distributed/core/controller/src/main/scala/org/apache/openwhisk/core/loadBalancer/HarvestVMContainerPoolBalancer.scala
2020.11.27 12:33:07 WARN  no build target for: /home/zhangyanqi/Research/Projects/openwhisk_archive/openwhisk-harv-vm-cgroup-azure-distributed/core/controller/src/main/scala/org/apache/openwhisk/core/loadBalancer/HarvestVMContainerPoolBalancer.scala
2020.11.27 12:33:29 WARN  no build target for: /home/zhangyanqi/Research/Projects/openwhisk_archive/openwhisk-harv-vm-cgroup-azure-distributed/core/controller/src/main/scala/org/apache/openwhisk/core/loadBalancer/HarvestVMContainerPoolBalancer.scala
2020.11.27 12:33:41 WARN  no build target for: /home/zhangyanqi/Research/Projects/openwhisk_archive/openwhisk-harv-vm-cgroup-azure-distributed/core/controller/src/main/scala/org/apache/openwhisk/core/loadBalancer/HarvestVMContainerPoolBalancer.scala
2020.11.27 12:33:57 WARN  no build target for: /home/zhangyanqi/Research/Projects/openwhisk_archive/openwhisk-harv-vm-cgroup-azure-distributed/core/controller/src/main/scala/org/apache/openwhisk/core/loadBalancer/HarvestVMContainerPoolBalancer.scala
2020.11.27 12:35:00 WARN  no build target for: /home/zhangyanqi/Research/Projects/openwhisk_archive/openwhisk-harv-vm-cgroup-azure-distributed/core/controller/src/main/scala/org/apache/openwhisk/core/loadBalancer/HarvestVMContainerPoolBalancer.scala
2020.11.27 12:35:20 WARN  no build target for: /home/zhangyanqi/Research/Projects/openwhisk_archive/openwhisk-harv-vm-cgroup-azure-distributed/core/controller/src/main/scala/org/apache/openwhisk/core/loadBalancer/HarvestVMContainerPoolBalancer.scala
Nov 27, 2020 3:30:31 PM org.eclipse.lsp4j.jsonrpc.RemoteEndpoint handleCancellation
WARNING: Unmatched cancel notification for request id 1577
2020.11.27 15:30:32 WARN  no build target for: /home/zhangyanqi/Research/Projects/openwhisk_archive/openwhisk-harv-vm-cgroup-azure-distributed/core/invoker/src/main/scala/org/apache/openwhisk/core/invoker/InvokerReactive.scala
2020.11.27 15:30:46 WARN  no build target for: /home/zhangyanqi/Research/Projects/openwhisk_archive/openwhisk-harv-vm-cgroup-azure-distributed/core/invoker/src/main/scala/org/apache/openwhisk/core/containerpool/ContainerPool.scala
2020.11.27 15:30:56 WARN  code navigation does not work for the file '/home/zhangyanqi/Research/Projects/openwhisk_archive/openwhisk-harv-vm-cgroup-azure-distributed/core/invoker/src/main/scala/org/apache/openwhisk/core/containerpool/ContainerPool.scala' because it doesn't belong to a build target.
2020.11.27 15:30:56 WARN  code navigation does not work for the file '/home/zhangyanqi/Research/Projects/openwhisk_archive/openwhisk-harv-vm-cgroup-azure-distributed/core/invoker/src/main/scala/org/apache/openwhisk/core/containerpool/ContainerPool.scala' because it doesn't belong to a build target.
2020.11.27 15:30:59 WARN  code navigation does not work for the file '/home/zhangyanqi/Research/Projects/openwhisk_archive/openwhisk-harv-vm-cgroup-azure-distributed/core/invoker/src/main/scala/org/apache/openwhisk/core/invoker/InvokerReactive.scala' because it doesn't belong to a build target.
2020.11.27 15:30:59 WARN  no build target for: /home/zhangyanqi/Research/Projects/openwhisk_archive/openwhisk-harv-vm-cgroup-azure-distributed/core/invoker/src/main/scala/org/apache/openwhisk/core/invoker/InvokerReactive.scala
2020.11.27 15:30:59 WARN  code navigation does not work for the file '/home/zhangyanqi/Research/Projects/openwhisk_archive/openwhisk-harv-vm-cgroup-azure-distributed/core/invoker/src/main/scala/org/apache/openwhisk/core/invoker/InvokerReactive.scala' because it doesn't belong to a build target.
Nov 27, 2020 3:34:21 PM org.eclipse.lsp4j.jsonrpc.RemoteEndpoint handleCancellation
WARNING: Unmatched cancel notification for request id 1626
2020.11.27 15:34:24 WARN  no build target for: /home/zhangyanqi/Research/Projects/openwhisk_archive/openwhisk-harv-vm-cgroup-azure-distributed/core/invoker/src/main/scala/org/apache/openwhisk/core/invoker/InvokerReactive.scala
2020.11.27 15:34:35 WARN  code navigation does not work for the file '/home/zhangyanqi/Research/Projects/openwhisk_archive/openwhisk-harv-vm-cgroup-azure-distributed/core/invoker/src/main/scala/org/apache/openwhisk/core/invoker/InvokerReactive.scala' because it doesn't belong to a build target.
2020.11.27 15:34:35 WARN  code navigation does not work for the file '/home/zhangyanqi/Research/Projects/openwhisk_archive/openwhisk-harv-vm-cgroup-azure-distributed/core/invoker/src/main/scala/org/apache/openwhisk/core/invoker/InvokerReactive.scala' because it doesn't belong to a build target.
2020.11.27 15:34:36 WARN  code navigation does not work for the file '/home/zhangyanqi/Research/Projects/openwhisk_archive/openwhisk-harv-vm-cgroup-azure-distributed/core/invoker/src/main/scala/org/apache/openwhisk/core/invoker/InvokerReactive.scala' because it doesn't belong to a build target.
2020.11.27 15:34:38 WARN  code navigation does not work for the file '/home/zhangyanqi/Research/Projects/openwhisk_archive/openwhisk-harv-vm-cgroup-azure-distributed/core/invoker/src/main/scala/org/apache/openwhisk/core/invoker/InvokerReactive.scala' because it doesn't belong to a build target.
2020.11.27 15:34:57 WARN  no build target for: /home/zhangyanqi/Research/Projects/openwhisk_archive/openwhisk-harv-vm-cgroup-azure-distributed/common/scala/src/main/scala/org/apache/openwhisk/core/connector/Message.scala
2020.11.27 15:35:13 WARN  no build target for: /home/zhangyanqi/Research/Projects/openwhisk_archive/openwhisk-harv-vm-cgroup-azure-distributed/core/invoker/src/main/scala/org/apache/openwhisk/core/invoker/InvokerReactive.scala
2020.11.27 15:35:19 WARN  no build target for: /home/zhangyanqi/Research/Projects/openwhisk_archive/openwhisk-harv-vm-cgroup-azure-distributed/core/invoker/src/main/scala/org/apache/openwhisk/core/invoker/InvokerReactive.scala
2020.11.27 15:40:21 WARN  code navigation does not work for the file '/home/zhangyanqi/Research/Projects/openwhisk_archive/openwhisk-harv-vm-cgroup-azure-distributed/core/controller/src/main/scala/org/apache/openwhisk/core/loadBalancer/HarvestVMContainerPoolBalancer.scala' because it doesn't belong to a build target.
2020.11.27 15:40:35 WARN  no build target for: /home/zhangyanqi/Research/Projects/openwhisk_archive/openwhisk-harv-vm-cgroup-azure-distributed/core/controller/src/main/scala/org/apache/openwhisk/core/loadBalancer/HarvestVMContainerPoolBalancer.scala
2020.11.27 15:42:13 WARN  no build target for: /home/zhangyanqi/Research/Projects/openwhisk_archive/openwhisk-harv-vm-cgroup-azure-distributed/core/controller/src/main/scala/org/apache/openwhisk/core/loadBalancer/InvokerSupervision.scala
2020.11.27 15:43:00 WARN  code navigation does not work for the file '/home/zhangyanqi/Research/Projects/openwhisk_archive/openwhisk-harv-vm-cgroup-azure-distributed/core/controller/src/main/scala/org/apache/openwhisk/core/loadBalancer/InvokerSupervision.scala' because it doesn't belong to a build target.
2020.11.27 15:43:00 WARN  no build target for: /home/zhangyanqi/Research/Projects/openwhisk_archive/openwhisk-harv-vm-cgroup-azure-distributed/core/controller/src/main/scala/org/apache/openwhisk/core/loadBalancer/InvokerSupervision.scala
2020.11.27 15:43:46 WARN  no build target for: /home/zhangyanqi/Research/Projects/openwhisk_archive/openwhisk-harv-vm-cgroup-azure-distributed/core/controller/src/main/scala/org/apache/openwhisk/core/loadBalancer/InvokerSupervision.scala
2020.11.27 15:43:58 WARN  no build target for: /home/zhangyanqi/Research/Projects/openwhisk_archive/openwhisk-harv-vm-cgroup-azure-distributed/core/controller/src/main/scala/org/apache/openwhisk/core/loadBalancer/InvokerSupervision.scala
2020.11.27 15:45:07 WARN  no build target for: /home/zhangyanqi/Research/Projects/openwhisk_archive/openwhisk-harv-vm-cgroup-azure-distributed/core/controller/src/main/scala/org/apache/openwhisk/core/loadBalancer/InvokerSupervision.scala
2020.11.27 15:45:37 WARN  code navigation does not work for the file '/home/zhangyanqi/Research/Projects/openwhisk_archive/openwhisk-harv-vm-cgroup-azure-distributed/core/controller/src/main/scala/org/apache/openwhisk/core/loadBalancer/InvokerSupervision.scala' because it doesn't belong to a build target.
2020.11.27 15:45:48 WARN  no build target for: /home/zhangyanqi/Research/Projects/openwhisk_archive/openwhisk-harv-vm-cgroup-azure-distributed/common/scala/src/main/scala/org/apache/openwhisk/core/entity/InstanceId.scala
Nov 27, 2020 3:49:41 PM org.eclipse.lsp4j.jsonrpc.RemoteEndpoint handleCancellation
WARNING: Unmatched cancel notification for request id 2064
2020.11.27 15:50:01 WARN  no build target for: /home/zhangyanqi/Research/Projects/openwhisk_archive/openwhisk-harv-vm-cgroup-azure-distributed/core/controller/src/main/scala/org/apache/openwhisk/core/loadBalancer/InvokerSupervision.scala
