2020.12.10 18:37:23 INFO  Started: Metals version 0.9.7 in workspace '/home/zhangyanqi/Research/Projects/openwhisk_archive' for client vscode.
2020.12.10 18:37:26 INFO  time: initialize in 2.63s
2020.12.10 18:37:27 WARN  Build server is not auto-connectable.
2020.12.10 18:37:27 WARN  no build tool detected in workspace '/home/zhangyanqi/Research/Projects/openwhisk_archive'. The most common cause for this problem is that the editor was opened in the wrong working directory, for example if you use sbt then the workspace directory should contain build.sbt. 
2020.12.10 18:37:27 WARN  no build target for: /home/zhangyanqi/Research/Projects/openwhisk_archive/openwhisk-harv-vm-cgroup-azure-distributed/core/invoker/src/main/scala/org/apache/openwhisk/core/invoker/InvokerReactive.scala
2020.12.10 18:37:27 WARN  no build target for: /home/zhangyanqi/Research/Projects/openwhisk_archive/openwhisk-harv-vm-cgroup-azure-distributed/core/controller/src/main/scala/org/apache/openwhisk/core/loadBalancer/InvokerSupervision.scala
2020.12.10 18:37:31 INFO  no build target: using presentation compiler with only scala-library
Dec 10, 2020 6:37:31 PM org.eclipse.lsp4j.jsonrpc.RemoteEndpoint handleCancellation
WARNING: Unmatched cancel notification for request id 4
2020.12.10 18:37:36 WARN  no build target for: /home/zhangyanqi/Research/Projects/openwhisk_archive/openwhisk-harv-vm-cgroup-azure-distributed/core/controller/src/main/scala/org/apache/openwhisk/core/loadBalancer/CommonLoadBalancer.scala
2020.12.10 18:37:41 WARN  no build target for: /home/zhangyanqi/Research/Projects/openwhisk_archive/openwhisk-harv-vm-cgroup-azure-distributed-jsq/common/scala/src/main/scala/org/apache/openwhisk/core/connector/Message.scala
2020.12.10 18:38:18 WARN  no build target for: /home/zhangyanqi/Research/Projects/openwhisk_archive/openwhisk-harv-vm-cgroup-azure-distributed-jsq/core/controller/src/main/scala/org/apache/openwhisk/core/loadBalancer/HarvestVMContainerPoolBalancer.scala
2020.12.10 18:39:09 WARN  no build target for: /home/zhangyanqi/Research/Projects/openwhisk_archive/openwhisk-mem-compare/core/controller/src/main/scala/org/apache/openwhisk/core/loadBalancer/ShardingContainerPoolBalancer.scala
2020.12.10 18:39:42 INFO  shutting down Metals
2020.12.11 17:30:27 INFO  Started: Metals version 0.9.7 in workspace '/home/zhangyanqi/Research/Projects/openwhisk_archive' for client vscode.
2020.12.11 17:30:30 INFO  time: initialize in 3.3s
2020.12.11 17:30:31 WARN  Build server is not auto-connectable.
2020.12.11 17:30:31 WARN  no build tool detected in workspace '/home/zhangyanqi/Research/Projects/openwhisk_archive'. The most common cause for this problem is that the editor was opened in the wrong working directory, for example if you use sbt then the workspace directory should contain build.sbt. 
2020.12.11 17:30:31 WARN  no build target for: /home/zhangyanqi/Research/Projects/openwhisk_archive/openwhisk-mem-compare/core/controller/src/main/scala/org/apache/openwhisk/core/loadBalancer/ShardingContainerPoolBalancer.scala
2020.12.11 17:30:36 INFO  no build target: using presentation compiler with only scala-library
2020.12.11 17:31:44 WARN  no build target for: /home/zhangyanqi/Research/Projects/openwhisk_archive/openwhisk-mem-compare/core/invoker/src/main/scala/org/apache/openwhisk/core/containerpool/ContainerPool.scala
2020.12.11 18:19:19 WARN  no build tool detected in workspace '/home/zhangyanqi/Research/Projects/openwhisk_archive'. The most common cause for this problem is that the editor was opened in the wrong working directory, for example if you use sbt then the workspace directory should contain build.sbt. 
2020.12.11 18:22:29 INFO  shutting down Metals
2020.12.22 16:23:20 INFO  Started: Metals version 0.9.8 in workspace '/home/zhangyanqi/Research/Projects/openwhisk_archive' for client vscode.
2020.12.22 16:23:23 INFO  time: initialize in 2.62s
2020.12.22 16:23:24 WARN  Build server is not auto-connectable.
2020.12.22 16:23:24 WARN  no build tool detected in workspace '/home/zhangyanqi/Research/Projects/openwhisk_archive'. The most common cause for this problem is that the editor was opened in the wrong working directory, for example if you use sbt then the workspace directory should contain build.sbt. 
2020.12.22 16:23:24 WARN  no build target for: /home/zhangyanqi/Research/Projects/openwhisk_archive/openwhisk-mem-compare/core/invoker/src/main/scala/org/apache/openwhisk/core/containerpool/ContainerPool.scala
2020.12.22 16:23:28 INFO  no build target: using presentation compiler with only scala-library
Dec 22, 2020 4:25:04 PM org.eclipse.lsp4j.jsonrpc.services.GenericEndpoint notify
INFO: Unsupported notification method: $/setTraceNotification
2020.12.22 17:29:52 WARN  no build target for: /home/zhangyanqi/Research/Projects/openwhisk_archive/openwhisk-harv-vm-cgroup-azure-distributed-jsq/core/controller/src/main/scala/org/apache/openwhisk/core/loadBalancer/HarvestVMContainerPoolBalancer.scala
2020.12.22 20:51:23 INFO  shutting down Metals
2020.12.23 15:36:32 INFO  Started: Metals version 0.9.8 in workspace '/home/zhangyanqi/Research/Projects/openwhisk_archive' for client vscode.
2020.12.23 15:36:35 INFO  time: initialize in 2.95s
2020.12.23 15:36:36 WARN  Build server is not auto-connectable.
2020.12.23 15:36:36 WARN  no build tool detected in workspace '/home/zhangyanqi/Research/Projects/openwhisk_archive'. The most common cause for this problem is that the editor was opened in the wrong working directory, for example if you use sbt then the workspace directory should contain build.sbt. 
2020.12.23 16:14:33 INFO  shutting down Metals
2020.12.24 00:13:15 INFO  Started: Metals version 0.9.8 in workspace '/home/zhangyanqi/Research/Projects/openwhisk_archive' for client vscode.
2020.12.24 00:13:19 INFO  time: initialize in 3.96s
2020.12.24 00:13:20 WARN  Build server is not auto-connectable.
2020.12.24 00:13:20 WARN  no build tool detected in workspace '/home/zhangyanqi/Research/Projects/openwhisk_archive'. The most common cause for this problem is that the editor was opened in the wrong working directory, for example if you use sbt then the workspace directory should contain build.sbt. 
2020.12.24 00:50:36 INFO  shutting down Metals
2020.12.24 10:41:36 INFO  Started: Metals version 0.9.8 in workspace '/home/zhangyanqi/Research/Projects/openwhisk_archive' for client vscode.
2020.12.24 10:41:38 INFO  time: initialize in 1.81s
2020.12.24 10:41:38 WARN  Build server is not auto-connectable.
2020.12.24 10:41:38 WARN  no build tool detected in workspace '/home/zhangyanqi/Research/Projects/openwhisk_archive'. The most common cause for this problem is that the editor was opened in the wrong working directory, for example if you use sbt then the workspace directory should contain build.sbt. 
2020.12.24 11:59:08 INFO  shutting down Metals
2020.12.24 23:48:44 INFO  Started: Metals version 0.9.8 in workspace '/home/zhangyanqi/Research/Projects/openwhisk_archive' for client vscode.
2020.12.24 23:48:46 INFO  time: initialize in 2.57s
2020.12.24 23:48:47 WARN  Build server is not auto-connectable.
2020.12.24 23:48:47 WARN  no build tool detected in workspace '/home/zhangyanqi/Research/Projects/openwhisk_archive'. The most common cause for this problem is that the editor was opened in the wrong working directory, for example if you use sbt then the workspace directory should contain build.sbt. 
2020.12.25 00:27:05 INFO  shutting down Metals
2020.12.25 09:59:55 INFO  Started: Metals version 0.9.8 in workspace '/home/zhangyanqi/Research/Projects/openwhisk_archive' for client vscode.
2020.12.25 09:59:57 INFO  time: initialize in 2s
2020.12.25 09:59:58 WARN  Build server is not auto-connectable.
2020.12.25 09:59:58 WARN  no build tool detected in workspace '/home/zhangyanqi/Research/Projects/openwhisk_archive'. The most common cause for this problem is that the editor was opened in the wrong working directory, for example if you use sbt then the workspace directory should contain build.sbt. 
2020.12.25 10:34:18 INFO  shutting down Metals
2020.12.25 10:46:45 INFO  Started: Metals version 0.9.8 in workspace '/home/zhangyanqi/Research/Projects/openwhisk_archive' for client vscode.
2020.12.25 10:46:47 INFO  time: initialize in 2.02s
2020.12.25 10:46:48 WARN  Build server is not auto-connectable.
2020.12.25 10:46:48 WARN  no build tool detected in workspace '/home/zhangyanqi/Research/Projects/openwhisk_archive'. The most common cause for this problem is that the editor was opened in the wrong working directory, for example if you use sbt then the workspace directory should contain build.sbt. 
2020.12.25 19:12:37 INFO  shutting down Metals
2020.12.25 20:09:03 INFO  Started: Metals version 0.9.8 in workspace '/home/zhangyanqi/Research/Projects/openwhisk_archive' for client vscode.
2020.12.25 20:09:05 INFO  time: initialize in 2.18s
2020.12.25 20:09:06 WARN  Build server is not auto-connectable.
2020.12.25 20:09:06 WARN  no build tool detected in workspace '/home/zhangyanqi/Research/Projects/openwhisk_archive'. The most common cause for this problem is that the editor was opened in the wrong working directory, for example if you use sbt then the workspace directory should contain build.sbt. 
2020.12.25 20:43:26 INFO  shutting down Metals
2020.12.25 22:39:32 INFO  Started: Metals version 0.9.8 in workspace '/home/zhangyanqi/Research/Projects/openwhisk_archive' for client vscode.
2020.12.25 22:39:35 INFO  time: initialize in 2.22s
2020.12.25 22:39:35 WARN  Build server is not auto-connectable.
2020.12.25 22:39:35 WARN  no build tool detected in workspace '/home/zhangyanqi/Research/Projects/openwhisk_archive'. The most common cause for this problem is that the editor was opened in the wrong working directory, for example if you use sbt then the workspace directory should contain build.sbt. 
2020.12.25 23:06:35 INFO  shutting down Metals
2020.12.26 20:44:03 INFO  Started: Metals version 0.9.8 in workspace '/home/zhangyanqi/Research/Projects/openwhisk_archive' for client vscode.
2020.12.26 20:44:05 INFO  time: initialize in 1.99s
2020.12.26 20:44:05 WARN  Build server is not auto-connectable.
2020.12.26 20:44:05 WARN  no build tool detected in workspace '/home/zhangyanqi/Research/Projects/openwhisk_archive'. The most common cause for this problem is that the editor was opened in the wrong working directory, for example if you use sbt then the workspace directory should contain build.sbt. 
2020.12.26 20:50:34 INFO  shutting down Metals
2020.12.27 12:38:35 INFO  Started: Metals version 0.9.8 in workspace '/home/zhangyanqi/Research/Projects/openwhisk_archive' for client vscode.
2020.12.27 12:38:37 INFO  time: initialize in 2.02s
2020.12.27 12:38:38 WARN  Build server is not auto-connectable.
2020.12.27 12:38:38 WARN  no build tool detected in workspace '/home/zhangyanqi/Research/Projects/openwhisk_archive'. The most common cause for this problem is that the editor was opened in the wrong working directory, for example if you use sbt then the workspace directory should contain build.sbt. 
2020.12.27 12:47:03 INFO  shutting down Metals
2020.12.28 08:59:23 INFO  Started: Metals version 0.9.8 in workspace '/home/zhangyanqi/Research/Projects/openwhisk_archive' for client vscode.
2020.12.28 08:59:29 INFO  time: initialize in 5.67s
2020.12.28 08:59:30 WARN  Build server is not auto-connectable.
2020.12.28 08:59:30 WARN  no build tool detected in workspace '/home/zhangyanqi/Research/Projects/openwhisk_archive'. The most common cause for this problem is that the editor was opened in the wrong working directory, for example if you use sbt then the workspace directory should contain build.sbt. 
2020.12.28 09:09:32 WARN  no build target for: /home/zhangyanqi/Research/Projects/openwhisk_archive/openwhisk-harv-vm-cgroup-azure-distributed/common/scala/src/main/scala/org/apache/openwhisk/core/connector/Message.scala
2020.12.28 09:09:37 INFO  no build target: using presentation compiler with only scala-library
2020.12.28 09:11:13 INFO  shutting down Metals
2020.12.29 08:46:35 INFO  Started: Metals version 0.9.8 in workspace '/home/zhangyanqi/Research/Projects/openwhisk_archive' for client vscode.
2020.12.29 08:46:39 INFO  time: initialize in 4.84s
2020.12.29 08:46:40 WARN  Build server is not auto-connectable.
2020.12.29 08:46:40 WARN  no build tool detected in workspace '/home/zhangyanqi/Research/Projects/openwhisk_archive'. The most common cause for this problem is that the editor was opened in the wrong working directory, for example if you use sbt then the workspace directory should contain build.sbt. 
2020.12.29 08:46:40 WARN  no build target for: /home/zhangyanqi/Research/Projects/openwhisk_archive/openwhisk-harv-vm-cgroup-azure-distributed/common/scala/src/main/scala/org/apache/openwhisk/core/connector/Message.scala
2020.12.29 08:46:44 INFO  no build target: using presentation compiler with only scala-library
2020.12.29 11:04:13 INFO  shutting down Metals
2021.01.15 11:48:48 INFO  Started: Metals version 0.9.8 in workspace '/home/zhangyanqi/Research/Projects/openwhisk_archive' for client vscode.
2021.01.15 11:48:50 INFO  time: initialize in 2.28s
2021.01.15 11:48:51 WARN  Build server is not auto-connectable.
2021.01.15 11:48:51 WARN  no build tool detected in workspace '/home/zhangyanqi/Research/Projects/openwhisk_archive'. The most common cause for this problem is that the editor was opened in the wrong working directory, for example if you use sbt then the workspace directory should contain build.sbt. 
2021.01.15 15:37:41 WARN  no build target for: /home/zhangyanqi/Research/Projects/openwhisk_archive/ath_validation/openwhisk-harv-vm-cgroup-ath/core/invoker/src/main/scala/org/apache/openwhisk/core/invoker/Invoker.scala
2021.01.15 15:37:44 INFO  no build target: using presentation compiler with only scala-library
Jan 15, 2021 3:37:44 PM org.eclipse.lsp4j.jsonrpc.RemoteEndpoint handleCancellation
WARNING: Unmatched cancel notification for request id 3
2021.01.15 15:37:44 WARN  no build target for: /home/zhangyanqi/Research/Projects/openwhisk_archive/ath_validation/openwhisk-harv-vm-cgroup-ath/core/invoker/src/main/scala/org/apache/openwhisk/core/invoker/InvokerReactive.scala
2021.01.15 15:37:51 WARN  no build tool detected in workspace '/home/zhangyanqi/Research/Projects/openwhisk_archive'. The most common cause for this problem is that the editor was opened in the wrong working directory, for example if you use sbt then the workspace directory should contain build.sbt. 
Jan 15, 2021 3:37:51 PM scala.meta.internal.pc.CompilerAccess retryWithCleanCompiler
INFO: compiler crashed due to an error in the Scala compiler, retrying with new compiler instance.
2021.01.15 22:45:43 INFO  shutting down Metals
2021.01.18 17:53:34 INFO  Started: Metals version 0.9.8 in workspace '/home/zhangyanqi/Research/Projects/openwhisk_archive' for client vscode.
2021.01.18 17:53:37 INFO  time: initialize in 2.86s
2021.01.18 17:53:38 WARN  Build server is not auto-connectable.
2021.01.18 17:53:38 WARN  no build tool detected in workspace '/home/zhangyanqi/Research/Projects/openwhisk_archive'. The most common cause for this problem is that the editor was opened in the wrong working directory, for example if you use sbt then the workspace directory should contain build.sbt. 
2021.01.18 17:54:04 WARN  no build target for: /home/zhangyanqi/Research/Projects/openwhisk_archive/ath_validation/openwhisk-harv-vm-cgroup-jsq-ath/core/invoker/src/main/scala/org/apache/openwhisk/core/invoker/InvokerReactive.scala
2021.01.18 17:54:07 INFO  no build target: using presentation compiler with only scala-library
2021.01.18 17:54:54 WARN  no build target for: /home/zhangyanqi/Research/Projects/openwhisk_archive/ath_validation/openwhisk-harv-vm-cgroup-ath/core/invoker/src/main/scala/org/apache/openwhisk/core/containerpool/ContainerPool.scala
2021.01.18 17:55:22 WARN  no build target for: /home/zhangyanqi/Research/Projects/openwhisk_archive/ath_validation/openwhisk-harv-vm-cgroup-ath/core/invoker/src/main/scala/org/apache/openwhisk/core/invoker/InvokerReactive.scala
2021.01.18 17:57:39 WARN  no build target for: /home/zhangyanqi/Research/Projects/openwhisk_archive/openwhisk-harv-vm-cgroup-azure-distributed/core/invoker/src/main/scala/org/apache/openwhisk/core/invoker/InvokerReactive.scala
2021.01.18 17:58:21 WARN  no build target for: /home/zhangyanqi/Research/Projects/openwhisk_archive/openwhisk-harv-vm-cgroup-azure-distributed-jsq/core/invoker/src/main/scala/org/apache/openwhisk/core/invoker/InvokerReactive.scala
Jan 18, 2021 6:00:42 PM scala.meta.internal.pc.CompilerAccess retryWithCleanCompiler
INFO: compiler crashed due to an error in the Scala compiler, retrying with new compiler instance.
2021.01.18 18:01:26 WARN  no build tool detected in workspace '/home/zhangyanqi/Research/Projects/openwhisk_archive'. The most common cause for this problem is that the editor was opened in the wrong working directory, for example if you use sbt then the workspace directory should contain build.sbt. 
2021.01.18 18:01:26 WARN  no build tool detected in workspace '/home/zhangyanqi/Research/Projects/openwhisk_archive'. The most common cause for this problem is that the editor was opened in the wrong working directory, for example if you use sbt then the workspace directory should contain build.sbt. 
2021.01.18 18:01:49 WARN  no build target for: /home/zhangyanqi/Research/Projects/openwhisk_archive/openwhisk-harv-vm-cgroup-azure-distributed-jsq/core/invoker/src/main/scala/org/apache/openwhisk/core/invoker/InvokerReactive.scala
2021.01.18 18:03:27 WARN  no build tool detected in workspace '/home/zhangyanqi/Research/Projects/openwhisk_archive'. The most common cause for this problem is that the editor was opened in the wrong working directory, for example if you use sbt then the workspace directory should contain build.sbt. 
2021.01.18 18:03:27 WARN  no build tool detected in workspace '/home/zhangyanqi/Research/Projects/openwhisk_archive'. The most common cause for this problem is that the editor was opened in the wrong working directory, for example if you use sbt then the workspace directory should contain build.sbt. 
2021.01.18 18:03:30 WARN  no build tool detected in workspace '/home/zhangyanqi/Research/Projects/openwhisk_archive'. The most common cause for this problem is that the editor was opened in the wrong working directory, for example if you use sbt then the workspace directory should contain build.sbt. 
2021.01.18 18:03:30 WARN  no build tool detected in workspace '/home/zhangyanqi/Research/Projects/openwhisk_archive'. The most common cause for this problem is that the editor was opened in the wrong working directory, for example if you use sbt then the workspace directory should contain build.sbt. 
2021.01.18 18:03:30 WARN  no build tool detected in workspace '/home/zhangyanqi/Research/Projects/openwhisk_archive'. The most common cause for this problem is that the editor was opened in the wrong working directory, for example if you use sbt then the workspace directory should contain build.sbt. 
2021.01.18 18:03:39 WARN  no build target for: /home/zhangyanqi/Research/Projects/openwhisk_archive/openwhisk-harv-vm-cgroup-azure-distributed-jsq/core/invoker/src/main/scala/org/apache/openwhisk/core/invoker/InvokerReactive.scala
2021.01.18 18:05:18 WARN  no build target for: /home/zhangyanqi/Research/Projects/openwhisk_archive/openwhisk-harv-vm-cgroup-azure-distributed-jsq/core/invoker/src/main/scala/org/apache/openwhisk/core/invoker/InvokerReactive.scala
2021.01.18 18:05:42 WARN  no build target for: /home/zhangyanqi/Research/Projects/openwhisk_archive/openwhisk-harv-vm-cgroup-azure-distributed-jsq/core/invoker/src/main/scala/org/apache/openwhisk/core/containerpool/ContainerPool.scala
2021.01.18 18:05:49 WARN  no build tool detected in workspace '/home/zhangyanqi/Research/Projects/openwhisk_archive'. The most common cause for this problem is that the editor was opened in the wrong working directory, for example if you use sbt then the workspace directory should contain build.sbt. 
2021.01.18 18:06:32 WARN  no build target for: /home/zhangyanqi/Research/Projects/openwhisk_archive/openwhisk-harv-vm-cgroup-azure-distributed-jsq/core/invoker/src/main/scala/org/apache/openwhisk/core/containerpool/ContainerPool.scala
2021.01.18 18:06:48 WARN  no build tool detected in workspace '/home/zhangyanqi/Research/Projects/openwhisk_archive'. The most common cause for this problem is that the editor was opened in the wrong working directory, for example if you use sbt then the workspace directory should contain build.sbt. 
2021.01.18 18:06:48 WARN  no build tool detected in workspace '/home/zhangyanqi/Research/Projects/openwhisk_archive'. The most common cause for this problem is that the editor was opened in the wrong working directory, for example if you use sbt then the workspace directory should contain build.sbt. 
2021.01.18 18:06:51 WARN  no build target for: /home/zhangyanqi/Research/Projects/openwhisk_archive/openwhisk-harv-vm-cgroup-azure-distributed-jsq/core/invoker/src/main/scala/org/apache/openwhisk/core/containerpool/ContainerPool.scala
2021.01.18 18:54:28 WARN  no build target for: /home/zhangyanqi/Research/Projects/openwhisk_archive/openwhisk-harv-vm-cgroup-azure-distributed/core/invoker/src/main/scala/org/apache/openwhisk/core/containerpool/ContainerPool.scala
2021.01.18 18:54:29 WARN  no build tool detected in workspace '/home/zhangyanqi/Research/Projects/openwhisk_archive'. The most common cause for this problem is that the editor was opened in the wrong working directory, for example if you use sbt then the workspace directory should contain build.sbt. 
2021.01.18 18:54:42 WARN  no build tool detected in workspace '/home/zhangyanqi/Research/Projects/openwhisk_archive'. The most common cause for this problem is that the editor was opened in the wrong working directory, for example if you use sbt then the workspace directory should contain build.sbt. 
2021.01.18 18:54:42 WARN  no build tool detected in workspace '/home/zhangyanqi/Research/Projects/openwhisk_archive'. The most common cause for this problem is that the editor was opened in the wrong working directory, for example if you use sbt then the workspace directory should contain build.sbt. 
2021.01.18 18:54:42 WARN  no build tool detected in workspace '/home/zhangyanqi/Research/Projects/openwhisk_archive'. The most common cause for this problem is that the editor was opened in the wrong working directory, for example if you use sbt then the workspace directory should contain build.sbt. 
2021.01.18 18:54:42 WARN  no build tool detected in workspace '/home/zhangyanqi/Research/Projects/openwhisk_archive'. The most common cause for this problem is that the editor was opened in the wrong working directory, for example if you use sbt then the workspace directory should contain build.sbt. 
2021.01.18 18:54:43 WARN  no build target for: /home/zhangyanqi/Research/Projects/openwhisk_archive/openwhisk-harv-vm-cgroup-azure-distributed-jsq/core/invoker/src/main/scala/org/apache/openwhisk/core/containerpool/ContainerPool.scala
2021.01.18 18:55:01 INFO  shutting down Metals
